[2m2022-04-21 01:19:27.291[0;39m [32m INFO[0;39m [35m21944[0;39m [2m---[0;39m [2m[  restartedMain][0;39m [36mt.casestudy.CasestudyApplication        [0;39m [2m:[0;39m Starting CasestudyApplication using Java 11.0.14.1 on LavanyaLaptop with PID 21944 (C:\casestudy\target\classes started by srini in C:\casestudy)
[2m2022-04-21 01:19:27.291[0;39m [32mDEBUG[0;39m [35m21944[0;39m [2m---[0;39m [2m[  restartedMain][0;39m [36mt.casestudy.CasestudyApplication        [0;39m [2m:[0;39m Running with Spring Boot v2.6.5, Spring v5.3.17
[2m2022-04-21 01:19:27.291[0;39m [32m INFO[0;39m [35m21944[0;39m [2m---[0;39m [2m[  restartedMain][0;39m [36mt.casestudy.CasestudyApplication        [0;39m [2m:[0;39m The following 1 profile is active: "dev"
[2m2022-04-21 01:19:27.330[0;39m [32m INFO[0;39m [35m21944[0;39m [2m---[0;39m [2m[  restartedMain][0;39m [36m.e.DevToolsPropertyDefaultsPostProcessor[0;39m [2m:[0;39m Devtools property defaults active! Set 'spring.devtools.add-properties' to 'false' to disable
[2m2022-04-21 01:19:27.331[0;39m [32m INFO[0;39m [35m21944[0;39m [2m---[0;39m [2m[  restartedMain][0;39m [36m.e.DevToolsPropertyDefaultsPostProcessor[0;39m [2m:[0;39m For additional web related logging consider setting the 'logging.level.web' property to 'DEBUG'
[2m2022-04-21 01:19:27.741[0;39m [32m INFO[0;39m [35m21944[0;39m [2m---[0;39m [2m[  restartedMain][0;39m [36m.s.d.r.c.RepositoryConfigurationDelegate[0;39m [2m:[0;39m Bootstrapping Spring Data JPA repositories in DEFAULT mode.
[2m2022-04-21 01:19:27.782[0;39m [32m INFO[0;39m [35m21944[0;39m [2m---[0;39m [2m[  restartedMain][0;39m [36m.s.d.r.c.RepositoryConfigurationDelegate[0;39m [2m:[0;39m Finished Spring Data repository scanning in 35 ms. Found 5 JPA repository interfaces.
[2m2022-04-21 01:19:28.131[0;39m [32m INFO[0;39m [35m21944[0;39m [2m---[0;39m [2m[  restartedMain][0;39m [36mo.s.b.w.embedded.tomcat.TomcatWebServer [0;39m [2m:[0;39m Tomcat initialized with port(s): 8080 (http)
[2m2022-04-21 01:19:28.131[0;39m [32m INFO[0;39m [35m21944[0;39m [2m---[0;39m [2m[  restartedMain][0;39m [36mo.apache.catalina.core.StandardService  [0;39m [2m:[0;39m Starting service [Tomcat]
[2m2022-04-21 01:19:28.131[0;39m [32m INFO[0;39m [35m21944[0;39m [2m---[0;39m [2m[  restartedMain][0;39m [36morg.apache.catalina.core.StandardEngine [0;39m [2m:[0;39m Starting Servlet engine: [Apache Tomcat/9.0.60]
[2m2022-04-21 01:19:28.279[0;39m [32m INFO[0;39m [35m21944[0;39m [2m---[0;39m [2m[  restartedMain][0;39m [36morg.apache.jasper.servlet.TldScanner    [0;39m [2m:[0;39m At least one JAR was scanned for TLDs yet contained no TLDs. Enable debug logging for this logger for a complete list of JARs that were scanned but no TLDs were found in them. Skipping unneeded JARs during scanning can improve startup time and JSP compilation time.
[2m2022-04-21 01:19:28.287[0;39m [32m INFO[0;39m [35m21944[0;39m [2m---[0;39m [2m[  restartedMain][0;39m [36mo.a.c.c.C.[Tomcat].[localhost].[/]      [0;39m [2m:[0;39m Initializing Spring embedded WebApplicationContext
[2m2022-04-21 01:19:28.287[0;39m [32m INFO[0;39m [35m21944[0;39m [2m---[0;39m [2m[  restartedMain][0;39m [36mw.s.c.ServletWebServerApplicationContext[0;39m [2m:[0;39m Root WebApplicationContext: initialization completed in 956 ms
[2m2022-04-21 01:19:28.368[0;39m [32m INFO[0;39m [35m21944[0;39m [2m---[0;39m [2m[  restartedMain][0;39m [36mo.hibernate.jpa.internal.util.LogHelper [0;39m [2m:[0;39m HHH000204: Processing PersistenceUnitInfo [name: default]
[2m2022-04-21 01:19:28.383[0;39m [32m INFO[0;39m [35m21944[0;39m [2m---[0;39m [2m[  restartedMain][0;39m [36morg.hibernate.Version                   [0;39m [2m:[0;39m HHH000412: Hibernate ORM core version 5.6.7.Final
[2m2022-04-21 01:19:28.451[0;39m [32m INFO[0;39m [35m21944[0;39m [2m---[0;39m [2m[  restartedMain][0;39m [36mo.hibernate.annotations.common.Version  [0;39m [2m:[0;39m HCANN000001: Hibernate Commons Annotations {5.1.2.Final}
[2m2022-04-21 01:19:28.509[0;39m [32m INFO[0;39m [35m21944[0;39m [2m---[0;39m [2m[  restartedMain][0;39m [36mcom.zaxxer.hikari.HikariDataSource      [0;39m [2m:[0;39m HikariPool-1 - Starting...
[2m2022-04-21 01:19:28.578[0;39m [32m INFO[0;39m [35m21944[0;39m [2m---[0;39m [2m[  restartedMain][0;39m [36mcom.zaxxer.hikari.HikariDataSource      [0;39m [2m:[0;39m HikariPool-1 - Start completed.
[2m2022-04-21 01:19:28.587[0;39m [32m INFO[0;39m [35m21944[0;39m [2m---[0;39m [2m[  restartedMain][0;39m [36morg.hibernate.dialect.Dialect           [0;39m [2m:[0;39m HHH000400: Using dialect: org.hibernate.dialect.MariaDB103Dialect
[2m2022-04-21 01:19:29.015[0;39m [32m INFO[0;39m [35m21944[0;39m [2m---[0;39m [2m[  restartedMain][0;39m [36mo.h.e.t.j.p.i.JtaPlatformInitiator      [0;39m [2m:[0;39m HHH000490: Using JtaPlatform implementation: [org.hibernate.engine.transaction.jta.platform.internal.NoJtaPlatform]
[2m2022-04-21 01:19:29.021[0;39m [32m INFO[0;39m [35m21944[0;39m [2m---[0;39m [2m[  restartedMain][0;39m [36mj.LocalContainerEntityManagerFactoryBean[0;39m [2m:[0;39m Initialized JPA EntityManagerFactory for persistence unit 'default'
[2m2022-04-21 01:19:29.048[0;39m [33m WARN[0;39m [35m21944[0;39m [2m---[0;39m [2m[  restartedMain][0;39m [36mJpaBaseConfiguration$JpaWebConfiguration[0;39m [2m:[0;39m spring.jpa.open-in-view is enabled by default. Therefore, database queries may be performed during view rendering. Explicitly configure spring.jpa.open-in-view to disable this warning
[2m2022-04-21 01:19:29.474[0;39m [32m INFO[0;39m [35m21944[0;39m [2m---[0;39m [2m[  restartedMain][0;39m [36mo.s.s.web.DefaultSecurityFilterChain    [0;39m [2m:[0;39m Will not secure any request
[2m2022-04-21 01:19:29.693[0;39m [32m INFO[0;39m [35m21944[0;39m [2m---[0;39m [2m[  restartedMain][0;39m [36mo.s.b.d.a.OptionalLiveReloadServer      [0;39m [2m:[0;39m LiveReload server is running on port 35729
[2m2022-04-21 01:19:29.726[0;39m [32m INFO[0;39m [35m21944[0;39m [2m---[0;39m [2m[  restartedMain][0;39m [36mo.s.b.w.embedded.tomcat.TomcatWebServer [0;39m [2m:[0;39m Tomcat started on port(s): 8080 (http) with context path ''
[2m2022-04-21 01:19:29.731[0;39m [32m INFO[0;39m [35m21944[0;39m [2m---[0;39m [2m[  restartedMain][0;39m [36mt.casestudy.CasestudyApplication        [0;39m [2m:[0;39m Started CasestudyApplication in 2.785 seconds (JVM running for 3.558)
[2m2022-04-21 01:25:21.529[0;39m [32m INFO[0;39m [35m21944[0;39m [2m---[0;39m [2m[ionShutdownHook][0;39m [36mj.LocalContainerEntityManagerFactoryBean[0;39m [2m:[0;39m Closing JPA EntityManagerFactory for persistence unit 'default'
[2m2022-04-21 01:25:21.529[0;39m [32m INFO[0;39m [35m21944[0;39m [2m---[0;39m [2m[ionShutdownHook][0;39m [36mcom.zaxxer.hikari.HikariDataSource      [0;39m [2m:[0;39m HikariPool-1 - Shutdown initiated...
[2m2022-04-21 01:25:21.543[0;39m [32m INFO[0;39m [35m21944[0;39m [2m---[0;39m [2m[ionShutdownHook][0;39m [36mcom.zaxxer.hikari.HikariDataSource      [0;39m [2m:[0;39m HikariPool-1 - Shutdown completed.
[2m2022-04-21 01:25:29.791[0;39m [32m INFO[0;39m [35m6040[0;39m [2m---[0;39m [2m[  restartedMain][0;39m [36mt.casestudy.CasestudyApplication        [0;39m [2m:[0;39m Starting CasestudyApplication using Java 11.0.14.1 on LavanyaLaptop with PID 6040 (C:\casestudy\target\classes started by srini in C:\casestudy)
[2m2022-04-21 01:25:29.792[0;39m [32mDEBUG[0;39m [35m6040[0;39m [2m---[0;39m [2m[  restartedMain][0;39m [36mt.casestudy.CasestudyApplication        [0;39m [2m:[0;39m Running with Spring Boot v2.6.5, Spring v5.3.17
[2m2022-04-21 01:25:29.792[0;39m [32m INFO[0;39m [35m6040[0;39m [2m---[0;39m [2m[  restartedMain][0;39m [36mt.casestudy.CasestudyApplication        [0;39m [2m:[0;39m The following 1 profile is active: "dev"
[2m2022-04-21 01:25:29.827[0;39m [32m INFO[0;39m [35m6040[0;39m [2m---[0;39m [2m[  restartedMain][0;39m [36m.e.DevToolsPropertyDefaultsPostProcessor[0;39m [2m:[0;39m Devtools property defaults active! Set 'spring.devtools.add-properties' to 'false' to disable
[2m2022-04-21 01:25:29.827[0;39m [32m INFO[0;39m [35m6040[0;39m [2m---[0;39m [2m[  restartedMain][0;39m [36m.e.DevToolsPropertyDefaultsPostProcessor[0;39m [2m:[0;39m For additional web related logging consider setting the 'logging.level.web' property to 'DEBUG'
[2m2022-04-21 01:25:30.279[0;39m [32m INFO[0;39m [35m6040[0;39m [2m---[0;39m [2m[  restartedMain][0;39m [36m.s.d.r.c.RepositoryConfigurationDelegate[0;39m [2m:[0;39m Bootstrapping Spring Data JPA repositories in DEFAULT mode.
[2m2022-04-21 01:25:30.310[0;39m [32m INFO[0;39m [35m6040[0;39m [2m---[0;39m [2m[  restartedMain][0;39m [36m.s.d.r.c.RepositoryConfigurationDelegate[0;39m [2m:[0;39m Finished Spring Data repository scanning in 34 ms. Found 5 JPA repository interfaces.
[2m2022-04-21 01:25:30.730[0;39m [32m INFO[0;39m [35m6040[0;39m [2m---[0;39m [2m[  restartedMain][0;39m [36mo.s.b.w.embedded.tomcat.TomcatWebServer [0;39m [2m:[0;39m Tomcat initialized with port(s): 8080 (http)
[2m2022-04-21 01:25:30.736[0;39m [32m INFO[0;39m [35m6040[0;39m [2m---[0;39m [2m[  restartedMain][0;39m [36mo.apache.catalina.core.StandardService  [0;39m [2m:[0;39m Starting service [Tomcat]
[2m2022-04-21 01:25:30.737[0;39m [32m INFO[0;39m [35m6040[0;39m [2m---[0;39m [2m[  restartedMain][0;39m [36morg.apache.catalina.core.StandardEngine [0;39m [2m:[0;39m Starting Servlet engine: [Apache Tomcat/9.0.60]
[2m2022-04-21 01:25:30.880[0;39m [32m INFO[0;39m [35m6040[0;39m [2m---[0;39m [2m[  restartedMain][0;39m [36morg.apache.jasper.servlet.TldScanner    [0;39m [2m:[0;39m At least one JAR was scanned for TLDs yet contained no TLDs. Enable debug logging for this logger for a complete list of JARs that were scanned but no TLDs were found in them. Skipping unneeded JARs during scanning can improve startup time and JSP compilation time.
[2m2022-04-21 01:25:30.893[0;39m [32m INFO[0;39m [35m6040[0;39m [2m---[0;39m [2m[  restartedMain][0;39m [36mo.a.c.c.C.[Tomcat].[localhost].[/]      [0;39m [2m:[0;39m Initializing Spring embedded WebApplicationContext
[2m2022-04-21 01:25:30.893[0;39m [32m INFO[0;39m [35m6040[0;39m [2m---[0;39m [2m[  restartedMain][0;39m [36mw.s.c.ServletWebServerApplicationContext[0;39m [2m:[0;39m Root WebApplicationContext: initialization completed in 1066 ms
[2m2022-04-21 01:25:30.969[0;39m [32m INFO[0;39m [35m6040[0;39m [2m---[0;39m [2m[  restartedMain][0;39m [36mo.hibernate.jpa.internal.util.LogHelper [0;39m [2m:[0;39m HHH000204: Processing PersistenceUnitInfo [name: default]
[2m2022-04-21 01:25:31.000[0;39m [32m INFO[0;39m [35m6040[0;39m [2m---[0;39m [2m[  restartedMain][0;39m [36morg.hibernate.Version                   [0;39m [2m:[0;39m HHH000412: Hibernate ORM core version 5.6.7.Final
[2m2022-04-21 01:25:31.070[0;39m [32m INFO[0;39m [35m6040[0;39m [2m---[0;39m [2m[  restartedMain][0;39m [36mo.hibernate.annotations.common.Version  [0;39m [2m:[0;39m HCANN000001: Hibernate Commons Annotations {5.1.2.Final}
[2m2022-04-21 01:25:31.122[0;39m [32m INFO[0;39m [35m6040[0;39m [2m---[0;39m [2m[  restartedMain][0;39m [36mcom.zaxxer.hikari.HikariDataSource      [0;39m [2m:[0;39m HikariPool-1 - Starting...
[2m2022-04-21 01:25:31.200[0;39m [32m INFO[0;39m [35m6040[0;39m [2m---[0;39m [2m[  restartedMain][0;39m [36mcom.zaxxer.hikari.HikariDataSource      [0;39m [2m:[0;39m HikariPool-1 - Start completed.
[2m2022-04-21 01:25:31.209[0;39m [32m INFO[0;39m [35m6040[0;39m [2m---[0;39m [2m[  restartedMain][0;39m [36morg.hibernate.dialect.Dialect           [0;39m [2m:[0;39m HHH000400: Using dialect: org.hibernate.dialect.MariaDB103Dialect
[2m2022-04-21 01:25:31.615[0;39m [32m INFO[0;39m [35m6040[0;39m [2m---[0;39m [2m[  restartedMain][0;39m [36mo.h.e.t.j.p.i.JtaPlatformInitiator      [0;39m [2m:[0;39m HHH000490: Using JtaPlatform implementation: [org.hibernate.engine.transaction.jta.platform.internal.NoJtaPlatform]
[2m2022-04-21 01:25:31.620[0;39m [32m INFO[0;39m [35m6040[0;39m [2m---[0;39m [2m[  restartedMain][0;39m [36mj.LocalContainerEntityManagerFactoryBean[0;39m [2m:[0;39m Initialized JPA EntityManagerFactory for persistence unit 'default'
[2m2022-04-21 01:25:31.640[0;39m [33m WARN[0;39m [35m6040[0;39m [2m---[0;39m [2m[  restartedMain][0;39m [36mJpaBaseConfiguration$JpaWebConfiguration[0;39m [2m:[0;39m spring.jpa.open-in-view is enabled by default. Therefore, database queries may be performed during view rendering. Explicitly configure spring.jpa.open-in-view to disable this warning
[2m2022-04-21 01:25:32.075[0;39m [32m INFO[0;39m [35m6040[0;39m [2m---[0;39m [2m[  restartedMain][0;39m [36mo.s.s.web.DefaultSecurityFilterChain    [0;39m [2m:[0;39m Will not secure any request
[2m2022-04-21 01:25:32.290[0;39m [32m INFO[0;39m [35m6040[0;39m [2m---[0;39m [2m[  restartedMain][0;39m [36mo.s.b.d.a.OptionalLiveReloadServer      [0;39m [2m:[0;39m LiveReload server is running on port 35729
[2m2022-04-21 01:25:32.325[0;39m [32m INFO[0;39m [35m6040[0;39m [2m---[0;39m [2m[  restartedMain][0;39m [36mo.s.b.w.embedded.tomcat.TomcatWebServer [0;39m [2m:[0;39m Tomcat started on port(s): 8080 (http) with context path ''
[2m2022-04-21 01:25:32.335[0;39m [32m INFO[0;39m [35m6040[0;39m [2m---[0;39m [2m[  restartedMain][0;39m [36mt.casestudy.CasestudyApplication        [0;39m [2m:[0;39m Started CasestudyApplication in 2.859 seconds (JVM running for 3.472)
[2m2022-04-21 01:26:03.006[0;39m [32m INFO[0;39m [35m6040[0;39m [2m---[0;39m [2m[nio-8080-exec-1][0;39m [36mo.a.c.c.C.[Tomcat].[localhost].[/]      [0;39m [2m:[0;39m Initializing Spring DispatcherServlet 'dispatcherServlet'
[2m2022-04-21 01:26:03.007[0;39m [32m INFO[0;39m [35m6040[0;39m [2m---[0;39m [2m[nio-8080-exec-1][0;39m [36mo.s.web.servlet.DispatcherServlet       [0;39m [2m:[0;39m Initializing Servlet 'dispatcherServlet'
[2m2022-04-21 01:26:03.008[0;39m [32m INFO[0;39m [35m6040[0;39m [2m---[0;39m [2m[nio-8080-exec-1][0;39m [36mo.s.web.servlet.DispatcherServlet       [0;39m [2m:[0;39m Completed initialization in 1 ms
[2m2022-04-21 01:30:30.490[0;39m [32m INFO[0;39m [35m6040[0;39m [2m---[0;39m [2m[ionShutdownHook][0;39m [36mj.LocalContainerEntityManagerFactoryBean[0;39m [2m:[0;39m Closing JPA EntityManagerFactory for persistence unit 'default'
[2m2022-04-21 01:30:30.490[0;39m [32m INFO[0;39m [35m6040[0;39m [2m---[0;39m [2m[ionShutdownHook][0;39m [36mcom.zaxxer.hikari.HikariDataSource      [0;39m [2m:[0;39m HikariPool-1 - Shutdown initiated...
[2m2022-04-21 01:30:30.490[0;39m [32m INFO[0;39m [35m6040[0;39m [2m---[0;39m [2m[ionShutdownHook][0;39m [36mcom.zaxxer.hikari.HikariDataSource      [0;39m [2m:[0;39m HikariPool-1 - Shutdown completed.
